2018.10.02 19:20:38
Имя: значение не указано
Телефон: sadasd
Адрес страницы: http://lp.local/

2018.10.02 19:21:56
Имя: значение не указано
Телефон: hjkhjkhkjhkj
Адрес страницы: http://lp.local/

2018.10.02 19:23:09
Имя: test
Телефон: 103
Адрес страницы: http://lp.local/

2018.10.02 19:25:26
Имя: 234324
Телефон: 103
Адрес страницы: http://lp.local/

2018.10.02 19:25:35
Имя: 10000
Телефон: 2000
Адрес страницы: http://lp.local/

2018.10.02 19:27:36
Имя: test
Телефон: 100501
Дополнительная информация: Услуга 3
Адрес страницы: http://lp.local/

2018.10.02 19:43:37
Имя: qwd
Телефон: wef
Дополнительная информация: Услуга 1
Адрес страницы: http://lp.local/

2018.10.02 19:48:43
Имя: test
Телефон: 103
Почта: значение не указано
Сообщение: значение не указано
Адрес страницы: http://lp.local/

2018.10.02 20:55:22
Имя: значение не указано
Телефон: 103
Дополнительная информация: Услуга 2
Адрес страницы: http://lp.local/

2018.10.18 20:06:18
Имя: значение не указано
Телефон: wqe
Почта: значение не указано
Сообщение: значение не указано
Адрес страницы: http://lp.local/contacts

2018.10.26 14:01:37
Имя: значение не указано
Телефон: 103
Почта: значение не указано
Сообщение: значение не указано
Адрес страницы: http://lp.local/prices

